<?xml version="1.0" encoding="UTF-8"?>
<!-- Generated by org.testng.reporters.JUnitReportReporter -->
<testsuite hostname="DESKTOP-U8F94J3" failures="0" tests="1" name="com.qa.fb.keyword.tests.LoginTest" time="10.420" errors="0" timestamp="17 Aug 2022 04:43:23 GMT" skipped="0">
  <testcase classname="com.qa.fb.keyword.tests.LoginTest" name="signUpTest" time="10.420"/>
</testsuite> <!-- com.qa.fb.keyword.tests.LoginTest -->
